<?xml version="1.0" encoding="UTF-8"?>
<!-- Generated by org.testng.reporters.JUnitReportReporter -->
<testsuite hostname="AI-CJB-LAP-429" failures="0" tests="3" name="testNG.SampleClass" time="0.013" errors="0" timestamp="2024-10-17T13:21:59 IST" skipped="0">
  <testcase classname="testNG.SampleClass" name="firstTestCase" time="0.001"/>
  <testcase classname="testNG.SampleClass" name="thirdTestCase" time="0.008"/>
  <testcase classname="testNG.SampleClass" name="secondTestCase" time="0.004"/>
</testsuite> <!-- testNG.SampleClass -->
