<?xml version="1.0" encoding="UTF-8"?>
<!-- Generated by org.testng.reporters.JUnitReportReporter -->
<testsuite hostname="AI-CJB-LAP-429" failures="0" tests="4" name="testNG.EnabledTestNg" time="0.011" errors="0" timestamp="2024-10-09T12:36:09 IST" skipped="1">
  <testcase classname="testNG.EnabledTestNg" name="anirudh" time="0.007"/>
  <testcase classname="testNG.EnabledTestNg" name="arrahman" time="0.002"/>
  <testcase classname="testNG.EnabledTestNg" name="u1" time="0.002"/>
  <testcase classname="testNG.EnabledTestNg" name="shanthosh">
    <skipped/>
  </testcase> <!-- shanthosh -->
</testsuite> <!-- testNG.EnabledTestNg -->
