<?xml version="1.0" encoding="UTF-8"?>
<!-- Generated by org.testng.reporters.JUnitReportReporter -->
<testsuite hostname="AI-CJB-LAP-429" failures="0" tests="4" name="testNG.Prioritytestng" time="0.013" errors="0" timestamp="2024-10-17T13:21:59 IST" skipped="0">
  <testcase classname="testNG.Prioritytestng" name="firstGear" time="0.002"/>
  <testcase classname="testNG.Prioritytestng" name="secondGear" time="0.005"/>
  <testcase classname="testNG.Prioritytestng" name="thirdGear" time="0.001"/>
  <testcase classname="testNG.Prioritytestng" name="fourthGear" time="0.005"/>
</testsuite> <!-- testNG.Prioritytestng -->
