<?xml version="1.0" encoding="UTF-8"?>
<!-- Generated by org.testng.reporters.JUnitReportReporter -->
<testsuite hostname="AI-CJB-LAP-429" failures="0" tests="4" name="testNG.Ordering" time="0.016" errors="0" timestamp="2024-10-09T12:28:06 IST" skipped="0">
  <testcase classname="testNG.Ordering" name="firstGear" time="0.011"/>
  <testcase classname="testNG.Ordering" name="secondGear" time="0.002"/>
  <testcase classname="testNG.Ordering" name="thirdGear" time="0.002"/>
  <testcase classname="testNG.Ordering" name="fourthGear" time="0.001"/>
</testsuite> <!-- testNG.Ordering -->
