<?xml version="1.0" encoding="UTF-8"?>
<!-- Generated by org.testng.reporters.JUnitReportReporter -->
<testsuite hostname="AI-CJB-LAP-429" failures="0" tests="3" name="testNG.DependenciesManagement" time="0.014" errors="0" timestamp="2024-10-17T15:55:08 IST" skipped="0">
  <testcase classname="testNG.DependenciesManagement" name="tenthStandard" time="0.010"/>
  <testcase classname="testNG.DependenciesManagement" name="college" time="0.002"/>
  <testcase classname="testNG.DependenciesManagement" name="higherSecondary" time="0.002"/>
</testsuite> <!-- testNG.DependenciesManagement -->
