<?xml version="1.0" encoding="UTF-8"?>
<!-- Generated by org.testng.reporters.JUnitReportReporter -->
<testsuite hostname="AI-CJB-LAP-429" failures="0" tests="2" name="testNG.GroupingExample" time="0.009" errors="0" timestamp="2024-10-17T18:00:35 IST" skipped="0">
  <testcase classname="testNG.GroupingExample" name="Apple1" time="0.002"/>
  <testcase classname="testNG.GroupingExample" name="Apple" time="0.007"/>
</testsuite> <!-- testNG.GroupingExample -->
