<?xml version="1.0" encoding="UTF-8"?>
<!-- Generated by org.testng.reporters.JUnitReportReporter -->
<testsuite hostname="AI-CJB-LAP-429" failures="0" tests="3" name="testNG.TestSuiteExample" time="3.620" errors="0" timestamp="2024-10-17T13:21:59 IST" skipped="0">
  <testcase classname="testNG.TestSuiteExample" name="openYahoo" time="2.648"/>
  <testcase classname="testNG.TestSuiteExample" name="openBing" time="0.732"/>
  <testcase classname="testNG.TestSuiteExample" name="openGoogle" time="0.240"/>
</testsuite> <!-- testNG.TestSuiteExample -->
