<?xml version="1.0" encoding="UTF-8"?>
<!-- Generated by org.testng.reporters.JUnitReportReporter -->
<testsuite hostname="AI-CJB-LAP-429" failures="0" tests="1" name="testNG.ParameterizationExample" time="0.005" errors="0" timestamp="2024-10-18T10:44:03 IST" skipped="0">
  <testcase classname="testNG.ParameterizationExample" name="myName" time="0.005"/>
</testsuite> <!-- testNG.ParameterizationExample -->
